<?xml version="1.0" encoding="UTF-8"?>
<!-- Generated by org.testng.reporters.JUnitReportReporter -->
<testsuite skipped="0" hostname="Rajesh" name="com.vtiger.orgtest.OrganizationTest" tests="1" failures="0" timestamp="2020-08-06T22:51:27 IST" time="38.026" errors="0">
  <testcase name="CreateOrgAndDeleteOrgTest" time="38.026" classname="com.vtiger.orgtest.OrganizationTest"/>
  <system-out/>
</testsuite> <!-- com.vtiger.orgtest.OrganizationTest -->
