<?xml version="1.0" encoding="UTF-8"?>
<!-- Generated by org.testng.reporters.JUnitReportReporter -->
<testsuite skipped="0" hostname="Rajesh" name="com.vtiger.generics.DBConnection" tests="2" failures="0" timestamp="30 Jul 2020 18:34:14 GMT" time="0.605" errors="0">
  <testcase name="executeNonSelectQuery" time="0.411" classname="com.vtiger.generics.DBConnection"/>
  <testcase name="executeSelectQuery" time="0.194" classname="com.vtiger.generics.DBConnection"/>
</testsuite> <!-- com.vtiger.generics.DBConnection -->
