<?xml version="1.0" encoding="UTF-8"?>
<!-- Generated by org.testng.reporters.JUnitReportReporter -->
<testsuite skipped="0" hostname="Rajesh" name="com.vtiger.contacttest.ContactTest" tests="1" failures="0" timestamp="2020-08-06T22:42:24 IST" time="80.621" errors="0">
  <testcase name="CreateAndDeleteOrgAndContactTest" time="80.621" classname="com.vtiger.contacttest.ContactTest"/>
  <system-out/>
</testsuite> <!-- com.vtiger.contacttest.ContactTest -->
